2026-03-15 14:36:39 - app.scribe_manager - INFO - start:209 - Starting Scribe session for http-license-argument-1773585398
2026-03-15 14:36:39 - app.scribe_manager - INFO - start:209 - Starting Scribe session for http-license-argument-1773585398
2026-03-15 14:36:39 - app.scribe_manager - INFO - start:235 - Connected to Scribe for session http-license-argument-1773585398
2026-03-15 14:36:39 - app.scribe_manager - INFO - start:235 - Connected to Scribe for session http-license-argument-1773585398
2026-03-15 14:36:39 - app.scribe_manager - INFO - receive_messages_loop:129 - Scribe session started for http-license-argument-1773585398
2026-03-15 14:36:39 - app.scribe_manager - INFO - receive_messages_loop:129 - Scribe session started for http-license-argument-1773585398
2026-03-15 14:38:33 - app.scribe_manager - INFO - start:209 - Starting Scribe session for http-license-argument-1773585398
2026-03-15 14:38:33 - app.scribe_manager - INFO - start:209 - Starting Scribe session for http-license-argument-1773585398
2026-03-15 14:38:34 - app.scribe_manager - INFO - start:235 - Connected to Scribe for session http-license-argument-1773585398
2026-03-15 14:38:34 - app.scribe_manager - INFO - start:235 - Connected to Scribe for session http-license-argument-1773585398
2026-03-15 14:38:34 - app.scribe_manager - INFO - receive_messages_loop:129 - Scribe session started for http-license-argument-1773585398
2026-03-15 14:38:34 - app.scribe_manager - INFO - receive_messages_loop:129 - Scribe session started for http-license-argument-1773585398
2026-03-15 14:38:56 - app.scribe_manager - INFO - start:209 - Starting Scribe session for http-license-argument-1773585398
2026-03-15 14:38:56 - app.scribe_manager - INFO - start:209 - Starting Scribe session for http-license-argument-1773585398
2026-03-15 14:38:57 - app.scribe_manager - INFO - start:235 - Connected to Scribe for session http-license-argument-1773585398
2026-03-15 14:38:57 - app.scribe_manager - INFO - start:235 - Connected to Scribe for session http-license-argument-1773585398
2026-03-15 14:38:57 - app.scribe_manager - INFO - receive_messages_loop:129 - Scribe session started for http-license-argument-1773585398
2026-03-15 14:38:57 - app.scribe_manager - INFO - receive_messages_loop:129 - Scribe session started for http-license-argument-1773585398
2026-03-15 14:39:02 - app.scribe_manager - INFO - start:209 - Starting Scribe session for http-license-argument-1773585398
2026-03-15 14:39:02 - app.scribe_manager - INFO - start:209 - Starting Scribe session for http-license-argument-1773585398
2026-03-15 14:39:03 - app.scribe_manager - INFO - start:235 - Connected to Scribe for session http-license-argument-1773585398
2026-03-15 14:39:03 - app.scribe_manager - INFO - start:235 - Connected to Scribe for session http-license-argument-1773585398
2026-03-15 14:39:03 - app.scribe_manager - INFO - receive_messages_loop:129 - Scribe session started for http-license-argument-1773585398
2026-03-15 14:39:03 - app.scribe_manager - INFO - receive_messages_loop:129 - Scribe session started for http-license-argument-1773585398
2026-03-15 14:39:14 - app.scribe_manager - INFO - start:209 - Starting Scribe session for http-license-argument-1773585398
2026-03-15 14:39:14 - app.scribe_manager - INFO - start:209 - Starting Scribe session for http-license-argument-1773585398
2026-03-15 14:39:14 - app.scribe_manager - INFO - start:235 - Connected to Scribe for session http-license-argument-1773585398
2026-03-15 14:39:14 - app.scribe_manager - INFO - start:235 - Connected to Scribe for session http-license-argument-1773585398
2026-03-15 14:39:14 - app.scribe_manager - INFO - receive_messages_loop:129 - Scribe session started for http-license-argument-1773585398
2026-03-15 14:39:14 - app.scribe_manager - INFO - receive_messages_loop:129 - Scribe session started for http-license-argument-1773585398
2026-03-15 14:39:33 - app.scribe_manager - INFO - start:209 - Starting Scribe session for http-license-argument-1773585398
2026-03-15 14:39:33 - app.scribe_manager - INFO - start:209 - Starting Scribe session for http-license-argument-1773585398
2026-03-15 14:39:34 - app.scribe_manager - INFO - start:235 - Connected to Scribe for session http-license-argument-1773585398
2026-03-15 14:39:34 - app.scribe_manager - INFO - start:235 - Connected to Scribe for session http-license-argument-1773585398
2026-03-15 14:39:34 - app.scribe_manager - INFO - receive_messages_loop:129 - Scribe session started for http-license-argument-1773585398
2026-03-15 14:39:34 - app.scribe_manager - INFO - receive_messages_loop:129 - Scribe session started for http-license-argument-1773585398
2026-03-15 14:39:40 - app.scribe_manager - INFO - start:209 - Starting Scribe session for http-license-argument-1773585398
2026-03-15 14:39:40 - app.scribe_manager - INFO - start:209 - Starting Scribe session for http-license-argument-1773585398
2026-03-15 14:39:41 - app.scribe_manager - INFO - start:235 - Connected to Scribe for session http-license-argument-1773585398
2026-03-15 14:39:41 - app.scribe_manager - INFO - start:235 - Connected to Scribe for session http-license-argument-1773585398
2026-03-15 14:39:41 - app.scribe_manager - INFO - receive_messages_loop:129 - Scribe session started for http-license-argument-1773585398
2026-03-15 14:39:41 - app.scribe_manager - INFO - receive_messages_loop:129 - Scribe session started for http-license-argument-1773585398
2026-03-15 14:40:01 - app.scribe_manager - INFO - start:209 - Starting Scribe session for http-license-argument-1773585398
2026-03-15 14:40:01 - app.scribe_manager - INFO - start:209 - Starting Scribe session for http-license-argument-1773585398
2026-03-15 14:40:01 - app.scribe_manager - INFO - start:235 - Connected to Scribe for session http-license-argument-1773585398
2026-03-15 14:40:01 - app.scribe_manager - INFO - start:235 - Connected to Scribe for session http-license-argument-1773585398
2026-03-15 14:40:01 - app.scribe_manager - INFO - receive_messages_loop:129 - Scribe session started for http-license-argument-1773585398
2026-03-15 14:40:01 - app.scribe_manager - INFO - receive_messages_loop:129 - Scribe session started for http-license-argument-1773585398
2026-03-15 14:40:37 - app.scribe_manager - INFO - start:209 - Starting Scribe session for http-license-argument-1773585398
2026-03-15 14:40:37 - app.scribe_manager - INFO - start:209 - Starting Scribe session for http-license-argument-1773585398
2026-03-15 14:40:37 - app.scribe_manager - INFO - start:235 - Connected to Scribe for session http-license-argument-1773585398
2026-03-15 14:40:37 - app.scribe_manager - INFO - start:235 - Connected to Scribe for session http-license-argument-1773585398
2026-03-15 14:40:37 - app.scribe_manager - INFO - receive_messages_loop:129 - Scribe session started for http-license-argument-1773585398
2026-03-15 14:40:37 - app.scribe_manager - INFO - receive_messages_loop:129 - Scribe session started for http-license-argument-1773585398
2026-03-15 14:40:59 - app.scribe_manager - INFO - start:209 - Starting Scribe session for http-license-argument-1773585398
2026-03-15 14:40:59 - app.scribe_manager - INFO - start:209 - Starting Scribe session for http-license-argument-1773585398
2026-03-15 14:41:00 - app.scribe_manager - INFO - start:235 - Connected to Scribe for session http-license-argument-1773585398
2026-03-15 14:41:00 - app.scribe_manager - INFO - start:235 - Connected to Scribe for session http-license-argument-1773585398
2026-03-15 14:41:00 - app.scribe_manager - INFO - receive_messages_loop:129 - Scribe session started for http-license-argument-1773585398
2026-03-15 14:41:00 - app.scribe_manager - INFO - receive_messages_loop:129 - Scribe session started for http-license-argument-1773585398
2026-03-15 14:41:17 - app.scribe_manager - INFO - start:209 - Starting Scribe session for http-license-argument-1773585398
2026-03-15 14:41:17 - app.scribe_manager - INFO - start:209 - Starting Scribe session for http-license-argument-1773585398
2026-03-15 14:41:18 - app.scribe_manager - INFO - start:235 - Connected to Scribe for session http-license-argument-1773585398
2026-03-15 14:41:18 - app.scribe_manager - INFO - start:235 - Connected to Scribe for session http-license-argument-1773585398
2026-03-15 14:41:18 - app.scribe_manager - INFO - receive_messages_loop:129 - Scribe session started for http-license-argument-1773585398
2026-03-15 14:41:18 - app.scribe_manager - INFO - receive_messages_loop:129 - Scribe session started for http-license-argument-1773585398
2026-03-15 14:42:12 - app.scribe_manager - INFO - start:209 - Starting Scribe session for http-license-argument-1773585398
2026-03-15 14:42:12 - app.scribe_manager - INFO - start:209 - Starting Scribe session for http-license-argument-1773585398
2026-03-15 14:42:12 - app.scribe_manager - INFO - start:235 - Connected to Scribe for session http-license-argument-1773585398
2026-03-15 14:42:12 - app.scribe_manager - INFO - start:235 - Connected to Scribe for session http-license-argument-1773585398
2026-03-15 14:42:12 - app.scribe_manager - INFO - receive_messages_loop:129 - Scribe session started for http-license-argument-1773585398
2026-03-15 14:42:12 - app.scribe_manager - INFO - receive_messages_loop:129 - Scribe session started for http-license-argument-1773585398
2026-03-15 14:42:45 - app.scribe_manager - INFO - start:209 - Starting Scribe session for argument-database-environment-1773585756
2026-03-15 14:42:45 - app.scribe_manager - INFO - start:209 - Starting Scribe session for argument-database-environment-1773585756
2026-03-15 14:42:46 - app.scribe_manager - INFO - start:235 - Connected to Scribe for session argument-database-environment-1773585756
2026-03-15 14:42:46 - app.scribe_manager - INFO - start:235 - Connected to Scribe for session argument-database-environment-1773585756
2026-03-15 14:42:46 - app.scribe_manager - INFO - receive_messages_loop:129 - Scribe session started for argument-database-environment-1773585756
2026-03-15 14:42:46 - app.scribe_manager - INFO - receive_messages_loop:129 - Scribe session started for argument-database-environment-1773585756
2026-03-15 14:44:45 - app.scribe_manager - INFO - start:209 - Starting Scribe session for argument-database-environment-1773585756
2026-03-15 14:44:45 - app.scribe_manager - INFO - start:209 - Starting Scribe session for argument-database-environment-1773585756
2026-03-15 14:44:46 - app.scribe_manager - INFO - start:235 - Connected to Scribe for session argument-database-environment-1773585756
2026-03-15 14:44:46 - app.scribe_manager - INFO - start:235 - Connected to Scribe for session argument-database-environment-1773585756
2026-03-15 14:44:46 - app.scribe_manager - INFO - receive_messages_loop:129 - Scribe session started for argument-database-environment-1773585756
2026-03-15 14:44:46 - app.scribe_manager - INFO - receive_messages_loop:129 - Scribe session started for argument-database-environment-1773585756
2026-03-15 14:44:46 - app.scribe_manager - INFO - start:209 - Starting Scribe session for argument-database-environment-1773585756
2026-03-15 14:44:46 - app.scribe_manager - INFO - start:209 - Starting Scribe session for argument-database-environment-1773585756
2026-03-15 14:44:46 - app.scribe_manager - INFO - start:235 - Connected to Scribe for session argument-database-environment-1773585756
2026-03-15 14:44:46 - app.scribe_manager - INFO - start:235 - Connected to Scribe for session argument-database-environment-1773585756
2026-03-15 14:44:46 - app.scribe_manager - INFO - receive_messages_loop:129 - Scribe session started for argument-database-environment-1773585756
2026-03-15 14:44:46 - app.scribe_manager - INFO - receive_messages_loop:129 - Scribe session started for argument-database-environment-1773585756
2026-03-15 14:48:27 - app.scribe_manager - INFO - start:209 - Starting Scribe session for argument-database-environment-1773585756
2026-03-15 14:48:27 - app.scribe_manager - INFO - start:209 - Starting Scribe session for argument-database-environment-1773585756
2026-03-15 14:48:27 - app.scribe_manager - INFO - start:235 - Connected to Scribe for session argument-database-environment-1773585756
2026-03-15 14:48:27 - app.scribe_manager - INFO - start:235 - Connected to Scribe for session argument-database-environment-1773585756
2026-03-15 14:48:27 - app.scribe_manager - INFO - receive_messages_loop:129 - Scribe session started for argument-database-environment-1773585756
2026-03-15 14:48:27 - app.scribe_manager - INFO - receive_messages_loop:129 - Scribe session started for argument-database-environment-1773585756
2026-03-15 14:49:04 - app.scribe_manager - INFO - start:209 - Starting Scribe session for argument-database-environment-1773585756
2026-03-15 14:49:04 - app.scribe_manager - INFO - start:209 - Starting Scribe session for argument-database-environment-1773585756
2026-03-15 14:49:05 - app.scribe_manager - INFO - start:235 - Connected to Scribe for session argument-database-environment-1773585756
2026-03-15 14:49:05 - app.scribe_manager - INFO - start:235 - Connected to Scribe for session argument-database-environment-1773585756
2026-03-15 14:49:05 - app.scribe_manager - INFO - receive_messages_loop:129 - Scribe session started for argument-database-environment-1773585756
2026-03-15 14:49:05 - app.scribe_manager - INFO - receive_messages_loop:129 - Scribe session started for argument-database-environment-1773585756
2026-03-15 14:49:55 - app.scribe_manager - INFO - start:209 - Starting Scribe session for argument-database-environment-1773585756
2026-03-15 14:49:55 - app.scribe_manager - INFO - start:209 - Starting Scribe session for argument-database-environment-1773585756
2026-03-15 14:49:55 - app.scribe_manager - INFO - start:235 - Connected to Scribe for session argument-database-environment-1773585756
2026-03-15 14:49:55 - app.scribe_manager - INFO - start:235 - Connected to Scribe for session argument-database-environment-1773585756
2026-03-15 14:49:55 - app.scribe_manager - INFO - receive_messages_loop:129 - Scribe session started for argument-database-environment-1773585756
2026-03-15 14:49:55 - app.scribe_manager - INFO - receive_messages_loop:129 - Scribe session started for argument-database-environment-1773585756
2026-03-15 14:51:29 - app.scribe_manager - INFO - start:209 - Starting Scribe session for argument-database-environment-1773585756
2026-03-15 14:51:29 - app.scribe_manager - INFO - start:209 - Starting Scribe session for argument-database-environment-1773585756
2026-03-15 14:51:30 - app.scribe_manager - INFO - start:235 - Connected to Scribe for session argument-database-environment-1773585756
2026-03-15 14:51:30 - app.scribe_manager - INFO - start:235 - Connected to Scribe for session argument-database-environment-1773585756
2026-03-15 14:51:30 - app.scribe_manager - INFO - receive_messages_loop:129 - Scribe session started for argument-database-environment-1773585756
2026-03-15 14:51:30 - app.scribe_manager - INFO - receive_messages_loop:129 - Scribe session started for argument-database-environment-1773585756
2026-03-15 14:52:31 - app.scribe_manager - INFO - start:209 - Starting Scribe session for argument-database-environment-1773585756
2026-03-15 14:52:31 - app.scribe_manager - INFO - start:209 - Starting Scribe session for argument-database-environment-1773585756
2026-03-15 14:52:31 - app.scribe_manager - INFO - start:235 - Connected to Scribe for session argument-database-environment-1773585756
2026-03-15 14:52:31 - app.scribe_manager - INFO - start:235 - Connected to Scribe for session argument-database-environment-1773585756
2026-03-15 14:52:31 - app.scribe_manager - INFO - receive_messages_loop:129 - Scribe session started for argument-database-environment-1773585756
2026-03-15 14:52:31 - app.scribe_manager - INFO - receive_messages_loop:129 - Scribe session started for argument-database-environment-1773585756
2026-03-15 14:53:06 - app.scribe_manager - INFO - push_audio:87 - [audio_usage] session=argument-database-environment-1773585756 bytes=966774 duration=30.2s chunks=118
2026-03-15 14:53:06 - app.scribe_manager - INFO - push_audio:87 - [audio_usage] session=argument-database-environment-1773585756 bytes=966774 duration=30.2s chunks=118
2026-03-15 14:53:08 - app.scribe_manager - INFO - start:209 - Starting Scribe session for argument-database-environment-1773585756
2026-03-15 14:53:08 - app.scribe_manager - INFO - start:209 - Starting Scribe session for argument-database-environment-1773585756
2026-03-15 14:53:09 - app.scribe_manager - INFO - start:229 - Scribe forced language: jpn for argument-database-environment-1773585756
2026-03-15 14:53:09 - app.scribe_manager - INFO - start:229 - Scribe forced language: jpn for argument-database-environment-1773585756
2026-03-15 14:53:09 - app.scribe_manager - INFO - start:235 - Connected to Scribe for session argument-database-environment-1773585756
2026-03-15 14:53:09 - app.scribe_manager - INFO - start:235 - Connected to Scribe for session argument-database-environment-1773585756
2026-03-15 14:53:09 - app.scribe_manager - INFO - receive_messages_loop:129 - Scribe session started for argument-database-environment-1773585756
2026-03-15 14:53:09 - app.scribe_manager - INFO - receive_messages_loop:129 - Scribe session started for argument-database-environment-1773585756
2026-03-15 14:53:20 - app.scribe_manager - INFO - start:209 - Starting Scribe session for argument-database-environment-1773585756
2026-03-15 14:53:20 - app.scribe_manager - INFO - start:209 - Starting Scribe session for argument-database-environment-1773585756
2026-03-15 14:53:21 - app.scribe_manager - INFO - start:235 - Connected to Scribe for session argument-database-environment-1773585756
2026-03-15 14:53:21 - app.scribe_manager - INFO - start:235 - Connected to Scribe for session argument-database-environment-1773585756
2026-03-15 14:53:21 - app.scribe_manager - INFO - receive_messages_loop:129 - Scribe session started for argument-database-environment-1773585756
2026-03-15 14:53:21 - app.scribe_manager - INFO - receive_messages_loop:129 - Scribe session started for argument-database-environment-1773585756
2026-03-15 14:53:50 - app.scribe_manager - INFO - push_audio:87 - [audio_usage] session=argument-database-environment-1773585756 bytes=1827039 duration=57.1s chunks=223
2026-03-15 14:53:50 - app.scribe_manager - INFO - push_audio:87 - [audio_usage] session=argument-database-environment-1773585756 bytes=1827039 duration=57.1s chunks=223
2026-03-15 14:54:20 - app.scribe_manager - INFO - push_audio:87 - [audio_usage] session=argument-database-environment-1773585756 bytes=2793813 duration=87.3s chunks=341
2026-03-15 14:54:20 - app.scribe_manager - INFO - push_audio:87 - [audio_usage] session=argument-database-environment-1773585756 bytes=2793813 duration=87.3s chunks=341
2026-03-15 14:54:51 - app.scribe_manager - INFO - push_audio:87 - [audio_usage] session=argument-database-environment-1773585756 bytes=3760587 duration=117.5s chunks=459
2026-03-15 14:54:51 - app.scribe_manager - INFO - push_audio:87 - [audio_usage] session=argument-database-environment-1773585756 bytes=3760587 duration=117.5s chunks=459
2026-03-15 14:55:21 - app.scribe_manager - INFO - push_audio:87 - [audio_usage] session=argument-database-environment-1773585756 bytes=4727361 duration=147.7s chunks=577
2026-03-15 14:55:21 - app.scribe_manager - INFO - push_audio:87 - [audio_usage] session=argument-database-environment-1773585756 bytes=4727361 duration=147.7s chunks=577
2026-03-15 14:55:51 - app.scribe_manager - INFO - push_audio:87 - [audio_usage] session=argument-database-environment-1773585756 bytes=5694135 duration=177.9s chunks=695
2026-03-15 14:55:51 - app.scribe_manager - INFO - push_audio:87 - [audio_usage] session=argument-database-environment-1773585756 bytes=5694135 duration=177.9s chunks=695
2026-03-15 14:56:21 - app.scribe_manager - INFO - push_audio:87 - [audio_usage] session=argument-database-environment-1773585756 bytes=6660909 duration=208.2s chunks=813
2026-03-15 14:56:21 - app.scribe_manager - INFO - push_audio:87 - [audio_usage] session=argument-database-environment-1773585756 bytes=6660909 duration=208.2s chunks=813
2026-03-15 15:03:04 - app.scribe_manager - INFO - start:209 - Starting Scribe session for agile-license-commit-1773586982
2026-03-15 15:03:04 - app.scribe_manager - INFO - start:209 - Starting Scribe session for agile-license-commit-1773586982
2026-03-15 15:03:05 - app.scribe_manager - INFO - start:235 - Connected to Scribe for session agile-license-commit-1773586982
2026-03-15 15:03:05 - app.scribe_manager - INFO - start:235 - Connected to Scribe for session agile-license-commit-1773586982
2026-03-15 15:03:05 - app.scribe_manager - INFO - receive_messages_loop:129 - Scribe session started for agile-license-commit-1773586982
2026-03-15 15:03:05 - app.scribe_manager - INFO - receive_messages_loop:129 - Scribe session started for agile-license-commit-1773586982
2026-03-15 15:03:09 - app.scribe_manager - INFO - start:209 - Starting Scribe session for rest-version-control-documentation-1773586988
2026-03-15 15:03:09 - app.scribe_manager - INFO - start:209 - Starting Scribe session for rest-version-control-documentation-1773586988
2026-03-15 15:03:09 - app.scribe_manager - INFO - start:235 - Connected to Scribe for session rest-version-control-documentation-1773586988
2026-03-15 15:03:09 - app.scribe_manager - INFO - start:235 - Connected to Scribe for session rest-version-control-documentation-1773586988
2026-03-15 15:03:09 - app.scribe_manager - INFO - receive_messages_loop:129 - Scribe session started for rest-version-control-documentation-1773586988
2026-03-15 15:03:09 - app.scribe_manager - INFO - receive_messages_loop:129 - Scribe session started for rest-version-control-documentation-1773586988
2026-03-15 15:03:27 - app.scribe_manager - INFO - start:209 - Starting Scribe session for rest-version-control-documentation-1773586988
2026-03-15 15:03:27 - app.scribe_manager - INFO - start:209 - Starting Scribe session for rest-version-control-documentation-1773586988
2026-03-15 15:03:28 - app.scribe_manager - INFO - start:235 - Connected to Scribe for session rest-version-control-documentation-1773586988
2026-03-15 15:03:28 - app.scribe_manager - INFO - start:235 - Connected to Scribe for session rest-version-control-documentation-1773586988
2026-03-15 15:03:28 - app.scribe_manager - INFO - receive_messages_loop:129 - Scribe session started for rest-version-control-documentation-1773586988
2026-03-15 15:03:28 - app.scribe_manager - INFO - receive_messages_loop:129 - Scribe session started for rest-version-control-documentation-1773586988
